[2024-09-29 19:37:31] local.ERROR: file_get_contents(/home/fuzzy/Documenti/path/Laravel/routes/app/Http/SweetApi/Test/runtime/composer.json): Failed to open stream: No such file or directory {"exception":"[object] (ErrorException(code: 0): file_get_contents(/home/fuzzy/Documenti/path/Laravel/routes/app/Http/SweetApi/Test/runtime/composer.json): Failed to open stream: No such file or directory at /home/fuzzy/Documenti/path/Laravel/routes/vendor/laravel/framework/src/Illuminate/Foundation/Application.php:1662)
[stacktrace]
#0 /home/fuzzy/Documenti/path/Laravel/routes/vendor/laravel/framework/src/Illuminate/Foundation/Bootstrap/HandleExceptions.php(256): Illuminate\\Foundation\\Bootstrap\\HandleExceptions->handleError()
#1 [internal function]: Illuminate\\Foundation\\Bootstrap\\HandleExceptions->Illuminate\\Foundation\\Bootstrap\\{closure}()
#2 /home/fuzzy/Documenti/path/Laravel/routes/vendor/laravel/framework/src/Illuminate/Foundation/Application.php(1662): file_get_contents()
#3 /home/fuzzy/Documenti/path/Laravel/routes/vendor/laravel/framework/src/Illuminate/Foundation/Console/RouteListCommand.php(425): Illuminate\\Foundation\\Application->getNamespace()
#4 /home/fuzzy/Documenti/path/Laravel/routes/vendor/laravel/framework/src/Illuminate/Foundation/Console/RouteListCommand.php(349): Illuminate\\Foundation\\Console\\RouteListCommand->formatActionForCli()
#5 [internal function]: Illuminate\\Foundation\\Console\\RouteListCommand->Illuminate\\Foundation\\Console\\{closure}()
#6 /home/fuzzy/Documenti/path/Laravel/routes/vendor/laravel/framework/src/Illuminate/Collections/Arr.php(605): array_map()
#7 /home/fuzzy/Documenti/path/Laravel/routes/vendor/laravel/framework/src/Illuminate/Collections/Collection.php(785): Illuminate\\Support\\Arr::map()
#8 /home/fuzzy/Documenti/path/Laravel/routes/vendor/laravel/framework/src/Illuminate/Foundation/Console/RouteListCommand.php(347): Illuminate\\Support\\Collection->map()
#9 /home/fuzzy/Documenti/path/Laravel/routes/vendor/laravel/framework/src/Illuminate/Foundation/Console/RouteListCommand.php(193): Illuminate\\Foundation\\Console\\RouteListCommand->forCli()
#10 /home/fuzzy/Documenti/path/Laravel/routes/vendor/laravel/framework/src/Illuminate/Foundation/Console/RouteListCommand.php(105): Illuminate\\Foundation\\Console\\RouteListCommand->displayRoutes()
#11 /home/fuzzy/Documenti/path/Laravel/routes/vendor/laravel/framework/src/Illuminate/Container/BoundMethod.php(36): Illuminate\\Foundation\\Console\\RouteListCommand->handle()
#12 /home/fuzzy/Documenti/path/Laravel/routes/vendor/laravel/framework/src/Illuminate/Container/Util.php(43): Illuminate\\Container\\BoundMethod::Illuminate\\Container\\{closure}()
#13 /home/fuzzy/Documenti/path/Laravel/routes/vendor/laravel/framework/src/Illuminate/Container/BoundMethod.php(95): Illuminate\\Container\\Util::unwrapIfClosure()
#14 /home/fuzzy/Documenti/path/Laravel/routes/vendor/laravel/framework/src/Illuminate/Container/BoundMethod.php(35): Illuminate\\Container\\BoundMethod::callBoundMethod()
#15 /home/fuzzy/Documenti/path/Laravel/routes/vendor/laravel/framework/src/Illuminate/Container/Container.php(690): Illuminate\\Container\\BoundMethod::call()
#16 /home/fuzzy/Documenti/path/Laravel/routes/vendor/laravel/framework/src/Illuminate/Console/Command.php(213): Illuminate\\Container\\Container->call()
#17 /home/fuzzy/Documenti/path/Laravel/routes/vendor/symfony/console/Command/Command.php(279): Illuminate\\Console\\Command->execute()
#18 /home/fuzzy/Documenti/path/Laravel/routes/vendor/laravel/framework/src/Illuminate/Console/Command.php(182): Symfony\\Component\\Console\\Command\\Command->run()
#19 /home/fuzzy/Documenti/path/Laravel/routes/vendor/symfony/console/Application.php(1047): Illuminate\\Console\\Command->run()
#20 /home/fuzzy/Documenti/path/Laravel/routes/vendor/symfony/console/Application.php(316): Symfony\\Component\\Console\\Application->doRunCommand()
#21 /home/fuzzy/Documenti/path/Laravel/routes/vendor/symfony/console/Application.php(167): Symfony\\Component\\Console\\Application->doRun()
#22 /home/fuzzy/Documenti/path/Laravel/routes/vendor/laravel/framework/src/Illuminate/Foundation/Console/Kernel.php(197): Symfony\\Component\\Console\\Application->run()
#23 /home/fuzzy/Documenti/path/Laravel/routes/vendor/laravel/framework/src/Illuminate/Foundation/Application.php(1203): Illuminate\\Foundation\\Console\\Kernel->handle()
#24 /home/fuzzy/Documenti/path/Laravel/routes/app/Http/SweetApi/Test/runtime/artisan(16): Illuminate\\Foundation\\Application->handleCommand()
#25 {main}
"} 
[2024-09-29 19:51:56] local.INFO: [Test][2024-09-29 21:51:56][GET] /favicon.ico ["fz:run:sweetapi { apiName : SweetApi Folder (case sensitive) } { --host=127.0.0.1 : Host address } { --port=8080 : Port number } { --logTz=Europe/Rome : Log timezone } { --disableSwagger : Disable Swagger docs } { --httpCompressionLevel=1 : Default compression level [1-9] } { --workerNum=4 : OpenSwoole worker number } { --taskWorkerNum=4 : OpenSwoole task worker number } { --backlog=128 : OpenSwoole TCP backlog connection number } { --disableCors : Disable CORS }","text"] 
[2024-09-29 19:57:59] local.INFO: [Test][2024-09-29 21:57:59][GET] /favicon.ico ["fz:run:sweetapi { apiName : SweetApi Folder (case sensitive) } { --host=127.0.0.1 : Host address } { --port=8080 : Port number } { --logTz=Europe/Rome : Log timezone } { --disableSwagger : Disable Swagger docs } { --httpCompressionLevel=1 : Default compression level [1-9] } { --workerNum=4 : OpenSwoole worker number } { --taskWorkerNum=4 : OpenSwoole task worker number } { --backlog=128 : OpenSwoole TCP backlog connection number } { --disableCors : Disable CORS }","text"] 
[2024-09-29 20:05:27] local.INFO: [Test][2024-09-29 22:05:27][GET] /favicon.ico ["fz:run:sweetapi { apiName : SweetApi Folder (case sensitive) } { --host=127.0.0.1 : Host address } { --port=8080 : Port number } { --logTz=Europe/Rome : Log timezone } { --disableSwagger : Disable Swagger docs } { --httpCompressionLevel=1 : Default compression level [1-9] } { --workerNum=4 : OpenSwoole worker number } { --taskWorkerNum=4 : OpenSwoole task worker number } { --backlog=128 : OpenSwoole TCP backlog connection number } { --disableCors : Disable CORS }","text"] 
[2024-09-29 20:08:03] local.ERROR: swoole exit {"exception":"[object] (OpenSwoole\\ExitException(code: 0): swoole exit at /home/fuzzy/Documenti/path/Laravel/routes/vendor/symfony/var-dumper/Resources/functions/dump.php:66)
[stacktrace]
#0 /home/fuzzy/Documenti/path/Laravel/routes/app/Http/SweetApi/Test/SwaggerEndpoints.php(20): dd()
#1 /home/fuzzy/Documenti/path/Laravel/routes/vendor/laravel/framework/src/Illuminate/Routing/ControllerDispatcher.php(46): App\\Http\\SweetApi\\Test\\SwaggerEndpoints->index()
#2 /home/fuzzy/Documenti/path/Laravel/routes/vendor/laravel/framework/src/Illuminate/Routing/Route.php(262): Illuminate\\Routing\\ControllerDispatcher->dispatch()
#3 /home/fuzzy/Documenti/path/Laravel/routes/vendor/laravel/framework/src/Illuminate/Routing/Route.php(208): Illuminate\\Routing\\Route->runController()
#4 /home/fuzzy/Documenti/path/Laravel/routes/vendor/laravel/framework/src/Illuminate/Routing/Router.php(808): Illuminate\\Routing\\Route->run()
#5 /home/fuzzy/Documenti/path/Laravel/routes/vendor/laravel/framework/src/Illuminate/Pipeline/Pipeline.php(144): Illuminate\\Routing\\Router->Illuminate\\Routing\\{closure}()
#6 /home/fuzzy/Documenti/path/Laravel/routes/vendor/laravel/framework/src/Illuminate/Routing/Middleware/SubstituteBindings.php(51): Illuminate\\Pipeline\\Pipeline->Illuminate\\Pipeline\\{closure}()
#7 /home/fuzzy/Documenti/path/Laravel/routes/vendor/laravel/framework/src/Illuminate/Pipeline/Pipeline.php(183): Illuminate\\Routing\\Middleware\\SubstituteBindings->handle()
#8 /home/fuzzy/Documenti/path/Laravel/routes/vendor/laravel/framework/src/Illuminate/Pipeline/Pipeline.php(119): Illuminate\\Pipeline\\Pipeline->Illuminate\\Pipeline\\{closure}()
#9 /home/fuzzy/Documenti/path/Laravel/routes/vendor/laravel/framework/src/Illuminate/Routing/Router.php(807): Illuminate\\Pipeline\\Pipeline->then()
#10 /home/fuzzy/Documenti/path/Laravel/routes/vendor/laravel/framework/src/Illuminate/Routing/Router.php(786): Illuminate\\Routing\\Router->runRouteWithinStack()
#11 /home/fuzzy/Documenti/path/Laravel/routes/vendor/laravel/framework/src/Illuminate/Routing/Router.php(750): Illuminate\\Routing\\Router->runRoute()
#12 /home/fuzzy/Documenti/path/Laravel/routes/vendor/laravel/framework/src/Illuminate/Routing/Router.php(739): Illuminate\\Routing\\Router->dispatchToRoute()
#13 /home/fuzzy/Documenti/path/Laravel/routes/vendor/laravel/framework/src/Illuminate/Foundation/Http/Kernel.php(201): Illuminate\\Routing\\Router->dispatch()
#14 /home/fuzzy/Documenti/path/Laravel/routes/vendor/laravel/framework/src/Illuminate/Pipeline/Pipeline.php(144): Illuminate\\Foundation\\Http\\Kernel->Illuminate\\Foundation\\Http\\{closure}()
#15 /home/fuzzy/Documenti/path/Laravel/routes/vendor/laravel/framework/src/Illuminate/Foundation/Http/Middleware/TransformsRequest.php(21): Illuminate\\Pipeline\\Pipeline->Illuminate\\Pipeline\\{closure}()
#16 /home/fuzzy/Documenti/path/Laravel/routes/vendor/laravel/framework/src/Illuminate/Foundation/Http/Middleware/ConvertEmptyStringsToNull.php(31): Illuminate\\Foundation\\Http\\Middleware\\TransformsRequest->handle()
#17 /home/fuzzy/Documenti/path/Laravel/routes/vendor/laravel/framework/src/Illuminate/Pipeline/Pipeline.php(183): Illuminate\\Foundation\\Http\\Middleware\\ConvertEmptyStringsToNull->handle()
#18 /home/fuzzy/Documenti/path/Laravel/routes/vendor/laravel/framework/src/Illuminate/Foundation/Http/Middleware/TransformsRequest.php(21): Illuminate\\Pipeline\\Pipeline->Illuminate\\Pipeline\\{closure}()
#19 /home/fuzzy/Documenti/path/Laravel/routes/vendor/laravel/framework/src/Illuminate/Foundation/Http/Middleware/TrimStrings.php(51): Illuminate\\Foundation\\Http\\Middleware\\TransformsRequest->handle()
#20 /home/fuzzy/Documenti/path/Laravel/routes/vendor/laravel/framework/src/Illuminate/Pipeline/Pipeline.php(183): Illuminate\\Foundation\\Http\\Middleware\\TrimStrings->handle()
#21 /home/fuzzy/Documenti/path/Laravel/routes/vendor/laravel/framework/src/Illuminate/Http/Middleware/ValidatePostSize.php(27): Illuminate\\Pipeline\\Pipeline->Illuminate\\Pipeline\\{closure}()
#22 /home/fuzzy/Documenti/path/Laravel/routes/vendor/laravel/framework/src/Illuminate/Pipeline/Pipeline.php(183): Illuminate\\Http\\Middleware\\ValidatePostSize->handle()
#23 /home/fuzzy/Documenti/path/Laravel/routes/vendor/laravel/framework/src/Illuminate/Foundation/Http/Middleware/PreventRequestsDuringMaintenance.php(110): Illuminate\\Pipeline\\Pipeline->Illuminate\\Pipeline\\{closure}()
#24 /home/fuzzy/Documenti/path/Laravel/routes/vendor/laravel/framework/src/Illuminate/Pipeline/Pipeline.php(183): Illuminate\\Foundation\\Http\\Middleware\\PreventRequestsDuringMaintenance->handle()
#25 /home/fuzzy/Documenti/path/Laravel/routes/vendor/laravel/framework/src/Illuminate/Http/Middleware/HandleCors.php(49): Illuminate\\Pipeline\\Pipeline->Illuminate\\Pipeline\\{closure}()
#26 /home/fuzzy/Documenti/path/Laravel/routes/vendor/laravel/framework/src/Illuminate/Pipeline/Pipeline.php(183): Illuminate\\Http\\Middleware\\HandleCors->handle()
#27 /home/fuzzy/Documenti/path/Laravel/routes/vendor/laravel/framework/src/Illuminate/Http/Middleware/TrustProxies.php(58): Illuminate\\Pipeline\\Pipeline->Illuminate\\Pipeline\\{closure}()
#28 /home/fuzzy/Documenti/path/Laravel/routes/vendor/laravel/framework/src/Illuminate/Pipeline/Pipeline.php(183): Illuminate\\Http\\Middleware\\TrustProxies->handle()
#29 /home/fuzzy/Documenti/path/Laravel/routes/vendor/laravel/framework/src/Illuminate/Foundation/Http/Middleware/InvokeDeferredCallbacks.php(22): Illuminate\\Pipeline\\Pipeline->Illuminate\\Pipeline\\{closure}()
#30 /home/fuzzy/Documenti/path/Laravel/routes/vendor/laravel/framework/src/Illuminate/Pipeline/Pipeline.php(183): Illuminate\\Foundation\\Http\\Middleware\\InvokeDeferredCallbacks->handle()
#31 /home/fuzzy/Documenti/path/Laravel/routes/vendor/laravel/framework/src/Illuminate/Pipeline/Pipeline.php(119): Illuminate\\Pipeline\\Pipeline->Illuminate\\Pipeline\\{closure}()
#32 /home/fuzzy/Documenti/path/Laravel/routes/vendor/laravel/framework/src/Illuminate/Foundation/Http/Kernel.php(176): Illuminate\\Pipeline\\Pipeline->then()
#33 /home/fuzzy/Documenti/path/Laravel/routes/vendor/laravel/framework/src/Illuminate/Foundation/Http/Kernel.php(145): Illuminate\\Foundation\\Http\\Kernel->sendRequestThroughRouter()
#34 /home/fuzzy/Documenti/path/Laravel/routes/vendor/laravel/framework/src/Illuminate/Foundation/Application.php(1175): Illuminate\\Foundation\\Http\\Kernel->handle()
#35 /home/fuzzy/Documenti/path/Laravel/fzpkg/src/Console/Commands/RunSweetApiCommand.php(167): Illuminate\\Foundation\\Application->handle()
#36 [internal function]: Fuzzy\\Fzpkg\\Console\\Commands\\RunSweetApiCommand->Fuzzy\\Fzpkg\\Console\\Commands\\{closure}()
#37 {main}
"} 
[2024-09-29 20:19:45] local.INFO: [Test][2024-09-29 22:19:45][GET] /test/swagger/json ["fz:run:sweetapi { apiName : SweetApi Folder (case sensitive) } { --host=127.0.0.1 : Host address } { --port=8080 : Port number } { --logTz=Europe/Rome : Log timezone } { --disableSwagger : Disable Swagger docs } { --httpCompressionLevel=1 : Default compression level [1-9] } { --workerNum=4 : OpenSwoole worker number } { --taskWorkerNum=4 : OpenSwoole task worker number } { --backlog=128 : OpenSwoole TCP backlog connection number } { --disableCors : Disable CORS }","text"] 
[2024-09-29 20:19:45] local.ERROR: file_get_contents(/home/fuzzy/Documenti/path/Laravel/routes/app/Http/SweetApi/Test/runtime/sweetapi/swagger.json): Failed to open stream: No such file or directory {"exception":"[object] (ErrorException(code: 0): file_get_contents(/home/fuzzy/Documenti/path/Laravel/routes/app/Http/SweetApi/Test/runtime/sweetapi/swagger.json): Failed to open stream: No such file or directory at /home/fuzzy/Documenti/path/Laravel/routes/app/Http/SweetApi/Test/SwaggerEndpoints.php:36)
[stacktrace]
#0 /home/fuzzy/Documenti/path/Laravel/routes/vendor/laravel/framework/src/Illuminate/Foundation/Bootstrap/HandleExceptions.php(256): Illuminate\\Foundation\\Bootstrap\\HandleExceptions->handleError()
#1 [internal function]: Illuminate\\Foundation\\Bootstrap\\HandleExceptions->Illuminate\\Foundation\\Bootstrap\\{closure}()
#2 /home/fuzzy/Documenti/path/Laravel/routes/app/Http/SweetApi/Test/SwaggerEndpoints.php(36): file_get_contents()
#3 /home/fuzzy/Documenti/path/Laravel/routes/vendor/laravel/framework/src/Illuminate/Routing/ControllerDispatcher.php(46): App\\Http\\SweetApi\\Test\\SwaggerEndpoints->json()
#4 /home/fuzzy/Documenti/path/Laravel/routes/vendor/laravel/framework/src/Illuminate/Routing/Route.php(262): Illuminate\\Routing\\ControllerDispatcher->dispatch()
#5 /home/fuzzy/Documenti/path/Laravel/routes/vendor/laravel/framework/src/Illuminate/Routing/Route.php(208): Illuminate\\Routing\\Route->runController()
#6 /home/fuzzy/Documenti/path/Laravel/routes/vendor/laravel/framework/src/Illuminate/Routing/Router.php(808): Illuminate\\Routing\\Route->run()
#7 /home/fuzzy/Documenti/path/Laravel/routes/vendor/laravel/framework/src/Illuminate/Pipeline/Pipeline.php(144): Illuminate\\Routing\\Router->Illuminate\\Routing\\{closure}()
#8 /home/fuzzy/Documenti/path/Laravel/routes/vendor/laravel/framework/src/Illuminate/Routing/Middleware/SubstituteBindings.php(51): Illuminate\\Pipeline\\Pipeline->Illuminate\\Pipeline\\{closure}()
#9 /home/fuzzy/Documenti/path/Laravel/routes/vendor/laravel/framework/src/Illuminate/Pipeline/Pipeline.php(183): Illuminate\\Routing\\Middleware\\SubstituteBindings->handle()
#10 /home/fuzzy/Documenti/path/Laravel/routes/vendor/laravel/framework/src/Illuminate/Pipeline/Pipeline.php(119): Illuminate\\Pipeline\\Pipeline->Illuminate\\Pipeline\\{closure}()
#11 /home/fuzzy/Documenti/path/Laravel/routes/vendor/laravel/framework/src/Illuminate/Routing/Router.php(807): Illuminate\\Pipeline\\Pipeline->then()
#12 /home/fuzzy/Documenti/path/Laravel/routes/vendor/laravel/framework/src/Illuminate/Routing/Router.php(786): Illuminate\\Routing\\Router->runRouteWithinStack()
#13 /home/fuzzy/Documenti/path/Laravel/routes/vendor/laravel/framework/src/Illuminate/Routing/Router.php(750): Illuminate\\Routing\\Router->runRoute()
#14 /home/fuzzy/Documenti/path/Laravel/routes/vendor/laravel/framework/src/Illuminate/Routing/Router.php(739): Illuminate\\Routing\\Router->dispatchToRoute()
#15 /home/fuzzy/Documenti/path/Laravel/routes/vendor/laravel/framework/src/Illuminate/Foundation/Http/Kernel.php(201): Illuminate\\Routing\\Router->dispatch()
#16 /home/fuzzy/Documenti/path/Laravel/routes/vendor/laravel/framework/src/Illuminate/Pipeline/Pipeline.php(144): Illuminate\\Foundation\\Http\\Kernel->Illuminate\\Foundation\\Http\\{closure}()
#17 /home/fuzzy/Documenti/path/Laravel/routes/vendor/laravel/framework/src/Illuminate/Foundation/Http/Middleware/TransformsRequest.php(21): Illuminate\\Pipeline\\Pipeline->Illuminate\\Pipeline\\{closure}()
#18 /home/fuzzy/Documenti/path/Laravel/routes/vendor/laravel/framework/src/Illuminate/Foundation/Http/Middleware/ConvertEmptyStringsToNull.php(31): Illuminate\\Foundation\\Http\\Middleware\\TransformsRequest->handle()
#19 /home/fuzzy/Documenti/path/Laravel/routes/vendor/laravel/framework/src/Illuminate/Pipeline/Pipeline.php(183): Illuminate\\Foundation\\Http\\Middleware\\ConvertEmptyStringsToNull->handle()
#20 /home/fuzzy/Documenti/path/Laravel/routes/vendor/laravel/framework/src/Illuminate/Foundation/Http/Middleware/TransformsRequest.php(21): Illuminate\\Pipeline\\Pipeline->Illuminate\\Pipeline\\{closure}()
#21 /home/fuzzy/Documenti/path/Laravel/routes/vendor/laravel/framework/src/Illuminate/Foundation/Http/Middleware/TrimStrings.php(51): Illuminate\\Foundation\\Http\\Middleware\\TransformsRequest->handle()
#22 /home/fuzzy/Documenti/path/Laravel/routes/vendor/laravel/framework/src/Illuminate/Pipeline/Pipeline.php(183): Illuminate\\Foundation\\Http\\Middleware\\TrimStrings->handle()
#23 /home/fuzzy/Documenti/path/Laravel/routes/vendor/laravel/framework/src/Illuminate/Http/Middleware/ValidatePostSize.php(27): Illuminate\\Pipeline\\Pipeline->Illuminate\\Pipeline\\{closure}()
#24 /home/fuzzy/Documenti/path/Laravel/routes/vendor/laravel/framework/src/Illuminate/Pipeline/Pipeline.php(183): Illuminate\\Http\\Middleware\\ValidatePostSize->handle()
#25 /home/fuzzy/Documenti/path/Laravel/routes/vendor/laravel/framework/src/Illuminate/Foundation/Http/Middleware/PreventRequestsDuringMaintenance.php(110): Illuminate\\Pipeline\\Pipeline->Illuminate\\Pipeline\\{closure}()
#26 /home/fuzzy/Documenti/path/Laravel/routes/vendor/laravel/framework/src/Illuminate/Pipeline/Pipeline.php(183): Illuminate\\Foundation\\Http\\Middleware\\PreventRequestsDuringMaintenance->handle()
#27 /home/fuzzy/Documenti/path/Laravel/routes/vendor/laravel/framework/src/Illuminate/Http/Middleware/HandleCors.php(49): Illuminate\\Pipeline\\Pipeline->Illuminate\\Pipeline\\{closure}()
#28 /home/fuzzy/Documenti/path/Laravel/routes/vendor/laravel/framework/src/Illuminate/Pipeline/Pipeline.php(183): Illuminate\\Http\\Middleware\\HandleCors->handle()
#29 /home/fuzzy/Documenti/path/Laravel/routes/vendor/laravel/framework/src/Illuminate/Http/Middleware/TrustProxies.php(58): Illuminate\\Pipeline\\Pipeline->Illuminate\\Pipeline\\{closure}()
#30 /home/fuzzy/Documenti/path/Laravel/routes/vendor/laravel/framework/src/Illuminate/Pipeline/Pipeline.php(183): Illuminate\\Http\\Middleware\\TrustProxies->handle()
#31 /home/fuzzy/Documenti/path/Laravel/routes/vendor/laravel/framework/src/Illuminate/Foundation/Http/Middleware/InvokeDeferredCallbacks.php(22): Illuminate\\Pipeline\\Pipeline->Illuminate\\Pipeline\\{closure}()
#32 /home/fuzzy/Documenti/path/Laravel/routes/vendor/laravel/framework/src/Illuminate/Pipeline/Pipeline.php(183): Illuminate\\Foundation\\Http\\Middleware\\InvokeDeferredCallbacks->handle()
#33 /home/fuzzy/Documenti/path/Laravel/routes/vendor/laravel/framework/src/Illuminate/Pipeline/Pipeline.php(119): Illuminate\\Pipeline\\Pipeline->Illuminate\\Pipeline\\{closure}()
#34 /home/fuzzy/Documenti/path/Laravel/routes/vendor/laravel/framework/src/Illuminate/Foundation/Http/Kernel.php(176): Illuminate\\Pipeline\\Pipeline->then()
#35 /home/fuzzy/Documenti/path/Laravel/routes/vendor/laravel/framework/src/Illuminate/Foundation/Http/Kernel.php(145): Illuminate\\Foundation\\Http\\Kernel->sendRequestThroughRouter()
#36 /home/fuzzy/Documenti/path/Laravel/routes/vendor/laravel/framework/src/Illuminate/Foundation/Application.php(1175): Illuminate\\Foundation\\Http\\Kernel->handle()
#37 /home/fuzzy/Documenti/path/Laravel/fzpkg/src/Console/Commands/RunSweetApiCommand.php(157): Illuminate\\Foundation\\Application->handle()
#38 [internal function]: Fuzzy\\Fzpkg\\Console\\Commands\\RunSweetApiCommand->Fuzzy\\Fzpkg\\Console\\Commands\\{closure}()
#39 {main}
"} 
[2024-09-29 20:24:43] local.ERROR: swoole exit {"exception":"[object] (OpenSwoole\\ExitException(code: 0): swoole exit at /home/fuzzy/Documenti/path/Laravel/routes/vendor/symfony/var-dumper/Resources/functions/dump.php:66)
[stacktrace]
#0 /home/fuzzy/Documenti/path/Laravel/routes/app/Http/SweetApi/Test/PippoEndpoints.php(28): dd()
#1 /home/fuzzy/Documenti/path/Laravel/routes/vendor/laravel/framework/src/Illuminate/Routing/ControllerDispatcher.php(46): App\\Http\\SweetApi\\Test\\PippoEndpoints->sweet_get()
#2 /home/fuzzy/Documenti/path/Laravel/routes/vendor/laravel/framework/src/Illuminate/Routing/Route.php(262): Illuminate\\Routing\\ControllerDispatcher->dispatch()
#3 /home/fuzzy/Documenti/path/Laravel/routes/vendor/laravel/framework/src/Illuminate/Routing/Route.php(208): Illuminate\\Routing\\Route->runController()
#4 /home/fuzzy/Documenti/path/Laravel/routes/vendor/laravel/framework/src/Illuminate/Routing/Router.php(808): Illuminate\\Routing\\Route->run()
#5 /home/fuzzy/Documenti/path/Laravel/routes/vendor/laravel/framework/src/Illuminate/Pipeline/Pipeline.php(144): Illuminate\\Routing\\Router->Illuminate\\Routing\\{closure}()
#6 /home/fuzzy/Documenti/path/Laravel/routes/vendor/laravel/framework/src/Illuminate/Routing/Middleware/SubstituteBindings.php(51): Illuminate\\Pipeline\\Pipeline->Illuminate\\Pipeline\\{closure}()
#7 /home/fuzzy/Documenti/path/Laravel/routes/vendor/laravel/framework/src/Illuminate/Pipeline/Pipeline.php(183): Illuminate\\Routing\\Middleware\\SubstituteBindings->handle()
#8 /home/fuzzy/Documenti/path/Laravel/routes/vendor/laravel/framework/src/Illuminate/Pipeline/Pipeline.php(119): Illuminate\\Pipeline\\Pipeline->Illuminate\\Pipeline\\{closure}()
#9 /home/fuzzy/Documenti/path/Laravel/routes/vendor/laravel/framework/src/Illuminate/Routing/Router.php(807): Illuminate\\Pipeline\\Pipeline->then()
#10 /home/fuzzy/Documenti/path/Laravel/routes/vendor/laravel/framework/src/Illuminate/Routing/Router.php(786): Illuminate\\Routing\\Router->runRouteWithinStack()
#11 /home/fuzzy/Documenti/path/Laravel/routes/vendor/laravel/framework/src/Illuminate/Routing/Router.php(750): Illuminate\\Routing\\Router->runRoute()
#12 /home/fuzzy/Documenti/path/Laravel/routes/vendor/laravel/framework/src/Illuminate/Routing/Router.php(739): Illuminate\\Routing\\Router->dispatchToRoute()
#13 /home/fuzzy/Documenti/path/Laravel/routes/vendor/laravel/framework/src/Illuminate/Foundation/Http/Kernel.php(201): Illuminate\\Routing\\Router->dispatch()
#14 /home/fuzzy/Documenti/path/Laravel/routes/vendor/laravel/framework/src/Illuminate/Pipeline/Pipeline.php(144): Illuminate\\Foundation\\Http\\Kernel->Illuminate\\Foundation\\Http\\{closure}()
#15 /home/fuzzy/Documenti/path/Laravel/routes/vendor/laravel/framework/src/Illuminate/Foundation/Http/Middleware/TransformsRequest.php(21): Illuminate\\Pipeline\\Pipeline->Illuminate\\Pipeline\\{closure}()
#16 /home/fuzzy/Documenti/path/Laravel/routes/vendor/laravel/framework/src/Illuminate/Foundation/Http/Middleware/ConvertEmptyStringsToNull.php(31): Illuminate\\Foundation\\Http\\Middleware\\TransformsRequest->handle()
#17 /home/fuzzy/Documenti/path/Laravel/routes/vendor/laravel/framework/src/Illuminate/Pipeline/Pipeline.php(183): Illuminate\\Foundation\\Http\\Middleware\\ConvertEmptyStringsToNull->handle()
#18 /home/fuzzy/Documenti/path/Laravel/routes/vendor/laravel/framework/src/Illuminate/Foundation/Http/Middleware/TransformsRequest.php(21): Illuminate\\Pipeline\\Pipeline->Illuminate\\Pipeline\\{closure}()
#19 /home/fuzzy/Documenti/path/Laravel/routes/vendor/laravel/framework/src/Illuminate/Foundation/Http/Middleware/TrimStrings.php(51): Illuminate\\Foundation\\Http\\Middleware\\TransformsRequest->handle()
#20 /home/fuzzy/Documenti/path/Laravel/routes/vendor/laravel/framework/src/Illuminate/Pipeline/Pipeline.php(183): Illuminate\\Foundation\\Http\\Middleware\\TrimStrings->handle()
#21 /home/fuzzy/Documenti/path/Laravel/routes/vendor/laravel/framework/src/Illuminate/Http/Middleware/ValidatePostSize.php(27): Illuminate\\Pipeline\\Pipeline->Illuminate\\Pipeline\\{closure}()
#22 /home/fuzzy/Documenti/path/Laravel/routes/vendor/laravel/framework/src/Illuminate/Pipeline/Pipeline.php(183): Illuminate\\Http\\Middleware\\ValidatePostSize->handle()
#23 /home/fuzzy/Documenti/path/Laravel/routes/vendor/laravel/framework/src/Illuminate/Foundation/Http/Middleware/PreventRequestsDuringMaintenance.php(110): Illuminate\\Pipeline\\Pipeline->Illuminate\\Pipeline\\{closure}()
#24 /home/fuzzy/Documenti/path/Laravel/routes/vendor/laravel/framework/src/Illuminate/Pipeline/Pipeline.php(183): Illuminate\\Foundation\\Http\\Middleware\\PreventRequestsDuringMaintenance->handle()
#25 /home/fuzzy/Documenti/path/Laravel/routes/vendor/laravel/framework/src/Illuminate/Http/Middleware/HandleCors.php(49): Illuminate\\Pipeline\\Pipeline->Illuminate\\Pipeline\\{closure}()
#26 /home/fuzzy/Documenti/path/Laravel/routes/vendor/laravel/framework/src/Illuminate/Pipeline/Pipeline.php(183): Illuminate\\Http\\Middleware\\HandleCors->handle()
#27 /home/fuzzy/Documenti/path/Laravel/routes/vendor/laravel/framework/src/Illuminate/Http/Middleware/TrustProxies.php(58): Illuminate\\Pipeline\\Pipeline->Illuminate\\Pipeline\\{closure}()
#28 /home/fuzzy/Documenti/path/Laravel/routes/vendor/laravel/framework/src/Illuminate/Pipeline/Pipeline.php(183): Illuminate\\Http\\Middleware\\TrustProxies->handle()
#29 /home/fuzzy/Documenti/path/Laravel/routes/vendor/laravel/framework/src/Illuminate/Foundation/Http/Middleware/InvokeDeferredCallbacks.php(22): Illuminate\\Pipeline\\Pipeline->Illuminate\\Pipeline\\{closure}()
#30 /home/fuzzy/Documenti/path/Laravel/routes/vendor/laravel/framework/src/Illuminate/Pipeline/Pipeline.php(183): Illuminate\\Foundation\\Http\\Middleware\\InvokeDeferredCallbacks->handle()
#31 /home/fuzzy/Documenti/path/Laravel/routes/vendor/laravel/framework/src/Illuminate/Pipeline/Pipeline.php(119): Illuminate\\Pipeline\\Pipeline->Illuminate\\Pipeline\\{closure}()
#32 /home/fuzzy/Documenti/path/Laravel/routes/vendor/laravel/framework/src/Illuminate/Foundation/Http/Kernel.php(176): Illuminate\\Pipeline\\Pipeline->then()
#33 /home/fuzzy/Documenti/path/Laravel/routes/vendor/laravel/framework/src/Illuminate/Foundation/Http/Kernel.php(145): Illuminate\\Foundation\\Http\\Kernel->sendRequestThroughRouter()
#34 /home/fuzzy/Documenti/path/Laravel/routes/vendor/laravel/framework/src/Illuminate/Foundation/Application.php(1175): Illuminate\\Foundation\\Http\\Kernel->handle()
#35 /home/fuzzy/Documenti/path/Laravel/fzpkg/src/Console/Commands/RunSweetApiCommand.php(157): Illuminate\\Foundation\\Application->handle()
#36 [internal function]: Fuzzy\\Fzpkg\\Console\\Commands\\RunSweetApiCommand->Fuzzy\\Fzpkg\\Console\\Commands\\{closure}()
#37 {main}
"} 
[2024-09-29 20:29:45] local.ERROR: App\Http\SweetApi\Test\PippoEndpoints::sweet_get(): Return value must be of type Fuzzy\Fzpkg\Classes\SweetApi\Classes\HtmxResponse, Illuminate\View\View returned {"exception":"[object] (TypeError(code: 0): App\\Http\\SweetApi\\Test\\PippoEndpoints::sweet_get(): Return value must be of type Fuzzy\\Fzpkg\\Classes\\SweetApi\\Classes\\HtmxResponse, Illuminate\\View\\View returned at /home/fuzzy/Documenti/path/Laravel/routes/app/Http/SweetApi/Test/PippoEndpoints.php:28)
[stacktrace]
#0 /home/fuzzy/Documenti/path/Laravel/routes/vendor/laravel/framework/src/Illuminate/Routing/ControllerDispatcher.php(46): App\\Http\\SweetApi\\Test\\PippoEndpoints->sweet_get()
#1 /home/fuzzy/Documenti/path/Laravel/routes/vendor/laravel/framework/src/Illuminate/Routing/Route.php(262): Illuminate\\Routing\\ControllerDispatcher->dispatch()
#2 /home/fuzzy/Documenti/path/Laravel/routes/vendor/laravel/framework/src/Illuminate/Routing/Route.php(208): Illuminate\\Routing\\Route->runController()
#3 /home/fuzzy/Documenti/path/Laravel/routes/vendor/laravel/framework/src/Illuminate/Routing/Router.php(808): Illuminate\\Routing\\Route->run()
#4 /home/fuzzy/Documenti/path/Laravel/routes/vendor/laravel/framework/src/Illuminate/Pipeline/Pipeline.php(144): Illuminate\\Routing\\Router->Illuminate\\Routing\\{closure}()
#5 /home/fuzzy/Documenti/path/Laravel/routes/vendor/laravel/framework/src/Illuminate/Routing/Middleware/SubstituteBindings.php(51): Illuminate\\Pipeline\\Pipeline->Illuminate\\Pipeline\\{closure}()
#6 /home/fuzzy/Documenti/path/Laravel/routes/vendor/laravel/framework/src/Illuminate/Pipeline/Pipeline.php(183): Illuminate\\Routing\\Middleware\\SubstituteBindings->handle()
#7 /home/fuzzy/Documenti/path/Laravel/routes/vendor/laravel/framework/src/Illuminate/Pipeline/Pipeline.php(119): Illuminate\\Pipeline\\Pipeline->Illuminate\\Pipeline\\{closure}()
#8 /home/fuzzy/Documenti/path/Laravel/routes/vendor/laravel/framework/src/Illuminate/Routing/Router.php(807): Illuminate\\Pipeline\\Pipeline->then()
#9 /home/fuzzy/Documenti/path/Laravel/routes/vendor/laravel/framework/src/Illuminate/Routing/Router.php(786): Illuminate\\Routing\\Router->runRouteWithinStack()
#10 /home/fuzzy/Documenti/path/Laravel/routes/vendor/laravel/framework/src/Illuminate/Routing/Router.php(750): Illuminate\\Routing\\Router->runRoute()
#11 /home/fuzzy/Documenti/path/Laravel/routes/vendor/laravel/framework/src/Illuminate/Routing/Router.php(739): Illuminate\\Routing\\Router->dispatchToRoute()
#12 /home/fuzzy/Documenti/path/Laravel/routes/vendor/laravel/framework/src/Illuminate/Foundation/Http/Kernel.php(201): Illuminate\\Routing\\Router->dispatch()
#13 /home/fuzzy/Documenti/path/Laravel/routes/vendor/laravel/framework/src/Illuminate/Pipeline/Pipeline.php(144): Illuminate\\Foundation\\Http\\Kernel->Illuminate\\Foundation\\Http\\{closure}()
#14 /home/fuzzy/Documenti/path/Laravel/routes/vendor/laravel/framework/src/Illuminate/Foundation/Http/Middleware/TransformsRequest.php(21): Illuminate\\Pipeline\\Pipeline->Illuminate\\Pipeline\\{closure}()
#15 /home/fuzzy/Documenti/path/Laravel/routes/vendor/laravel/framework/src/Illuminate/Foundation/Http/Middleware/ConvertEmptyStringsToNull.php(31): Illuminate\\Foundation\\Http\\Middleware\\TransformsRequest->handle()
#16 /home/fuzzy/Documenti/path/Laravel/routes/vendor/laravel/framework/src/Illuminate/Pipeline/Pipeline.php(183): Illuminate\\Foundation\\Http\\Middleware\\ConvertEmptyStringsToNull->handle()
#17 /home/fuzzy/Documenti/path/Laravel/routes/vendor/laravel/framework/src/Illuminate/Foundation/Http/Middleware/TransformsRequest.php(21): Illuminate\\Pipeline\\Pipeline->Illuminate\\Pipeline\\{closure}()
#18 /home/fuzzy/Documenti/path/Laravel/routes/vendor/laravel/framework/src/Illuminate/Foundation/Http/Middleware/TrimStrings.php(51): Illuminate\\Foundation\\Http\\Middleware\\TransformsRequest->handle()
#19 /home/fuzzy/Documenti/path/Laravel/routes/vendor/laravel/framework/src/Illuminate/Pipeline/Pipeline.php(183): Illuminate\\Foundation\\Http\\Middleware\\TrimStrings->handle()
#20 /home/fuzzy/Documenti/path/Laravel/routes/vendor/laravel/framework/src/Illuminate/Http/Middleware/ValidatePostSize.php(27): Illuminate\\Pipeline\\Pipeline->Illuminate\\Pipeline\\{closure}()
#21 /home/fuzzy/Documenti/path/Laravel/routes/vendor/laravel/framework/src/Illuminate/Pipeline/Pipeline.php(183): Illuminate\\Http\\Middleware\\ValidatePostSize->handle()
#22 /home/fuzzy/Documenti/path/Laravel/routes/vendor/laravel/framework/src/Illuminate/Foundation/Http/Middleware/PreventRequestsDuringMaintenance.php(110): Illuminate\\Pipeline\\Pipeline->Illuminate\\Pipeline\\{closure}()
#23 /home/fuzzy/Documenti/path/Laravel/routes/vendor/laravel/framework/src/Illuminate/Pipeline/Pipeline.php(183): Illuminate\\Foundation\\Http\\Middleware\\PreventRequestsDuringMaintenance->handle()
#24 /home/fuzzy/Documenti/path/Laravel/routes/vendor/laravel/framework/src/Illuminate/Http/Middleware/HandleCors.php(49): Illuminate\\Pipeline\\Pipeline->Illuminate\\Pipeline\\{closure}()
#25 /home/fuzzy/Documenti/path/Laravel/routes/vendor/laravel/framework/src/Illuminate/Pipeline/Pipeline.php(183): Illuminate\\Http\\Middleware\\HandleCors->handle()
#26 /home/fuzzy/Documenti/path/Laravel/routes/vendor/laravel/framework/src/Illuminate/Http/Middleware/TrustProxies.php(58): Illuminate\\Pipeline\\Pipeline->Illuminate\\Pipeline\\{closure}()
#27 /home/fuzzy/Documenti/path/Laravel/routes/vendor/laravel/framework/src/Illuminate/Pipeline/Pipeline.php(183): Illuminate\\Http\\Middleware\\TrustProxies->handle()
#28 /home/fuzzy/Documenti/path/Laravel/routes/vendor/laravel/framework/src/Illuminate/Foundation/Http/Middleware/InvokeDeferredCallbacks.php(22): Illuminate\\Pipeline\\Pipeline->Illuminate\\Pipeline\\{closure}()
#29 /home/fuzzy/Documenti/path/Laravel/routes/vendor/laravel/framework/src/Illuminate/Pipeline/Pipeline.php(183): Illuminate\\Foundation\\Http\\Middleware\\InvokeDeferredCallbacks->handle()
#30 /home/fuzzy/Documenti/path/Laravel/routes/vendor/laravel/framework/src/Illuminate/Pipeline/Pipeline.php(119): Illuminate\\Pipeline\\Pipeline->Illuminate\\Pipeline\\{closure}()
#31 /home/fuzzy/Documenti/path/Laravel/routes/vendor/laravel/framework/src/Illuminate/Foundation/Http/Kernel.php(176): Illuminate\\Pipeline\\Pipeline->then()
#32 /home/fuzzy/Documenti/path/Laravel/routes/vendor/laravel/framework/src/Illuminate/Foundation/Http/Kernel.php(145): Illuminate\\Foundation\\Http\\Kernel->sendRequestThroughRouter()
#33 /home/fuzzy/Documenti/path/Laravel/routes/vendor/laravel/framework/src/Illuminate/Foundation/Application.php(1175): Illuminate\\Foundation\\Http\\Kernel->handle()
#34 /home/fuzzy/Documenti/path/Laravel/fzpkg/src/Console/Commands/RunSweetApiCommand.php(137): Illuminate\\Foundation\\Application->handle()
#35 [internal function]: Fuzzy\\Fzpkg\\Console\\Commands\\RunSweetApiCommand->Fuzzy\\Fzpkg\\Console\\Commands\\{closure}()
#36 {main}
"} 
[2024-09-29 20:30:05] local.INFO: [Test][2024-09-29 22:30:05][OPTIONS] /test/pippo/sweet/get ["fz:run:sweetapi { apiName : SweetApi Folder (case sensitive) } { --host=127.0.0.1 : Host address } { --port=8080 : Port number } { --logTz=Europe/Rome : Log timezone } { --disableSwagger : Disable Swagger docs } { --httpCompressionLevel=1 : Default compression level [1-9] } { --workerNum=4 : OpenSwoole worker number } { --taskWorkerNum=4 : OpenSwoole task worker number } { --backlog=128 : OpenSwoole TCP backlog connection number } { --disableCors : Disable CORS }","text"] 
[2024-09-29 20:30:05] local.INFO: [Test][2024-09-29 22:30:05][GET] /test/pippo/sweet/get ["fz:run:sweetapi { apiName : SweetApi Folder (case sensitive) } { --host=127.0.0.1 : Host address } { --port=8080 : Port number } { --logTz=Europe/Rome : Log timezone } { --disableSwagger : Disable Swagger docs } { --httpCompressionLevel=1 : Default compression level [1-9] } { --workerNum=4 : OpenSwoole worker number } { --taskWorkerNum=4 : OpenSwoole task worker number } { --backlog=128 : OpenSwoole TCP backlog connection number } { --disableCors : Disable CORS }","text"] 
[2024-09-29 20:30:05] local.ERROR: App\Http\SweetApi\Test\PippoEndpoints::sweet_get(): Return value must be of type Fuzzy\Fzpkg\Classes\SweetApi\Classes\HtmxResponse, Illuminate\View\View returned {"exception":"[object] (TypeError(code: 0): App\\Http\\SweetApi\\Test\\PippoEndpoints::sweet_get(): Return value must be of type Fuzzy\\Fzpkg\\Classes\\SweetApi\\Classes\\HtmxResponse, Illuminate\\View\\View returned at /home/fuzzy/Documenti/path/Laravel/routes/app/Http/SweetApi/Test/PippoEndpoints.php:28)
[stacktrace]
#0 /home/fuzzy/Documenti/path/Laravel/routes/vendor/laravel/framework/src/Illuminate/Routing/ControllerDispatcher.php(46): App\\Http\\SweetApi\\Test\\PippoEndpoints->sweet_get()
#1 /home/fuzzy/Documenti/path/Laravel/routes/vendor/laravel/framework/src/Illuminate/Routing/Route.php(262): Illuminate\\Routing\\ControllerDispatcher->dispatch()
#2 /home/fuzzy/Documenti/path/Laravel/routes/vendor/laravel/framework/src/Illuminate/Routing/Route.php(208): Illuminate\\Routing\\Route->runController()
#3 /home/fuzzy/Documenti/path/Laravel/routes/vendor/laravel/framework/src/Illuminate/Routing/Router.php(808): Illuminate\\Routing\\Route->run()
#4 /home/fuzzy/Documenti/path/Laravel/routes/vendor/laravel/framework/src/Illuminate/Pipeline/Pipeline.php(144): Illuminate\\Routing\\Router->Illuminate\\Routing\\{closure}()
#5 /home/fuzzy/Documenti/path/Laravel/routes/vendor/laravel/framework/src/Illuminate/Routing/Middleware/SubstituteBindings.php(51): Illuminate\\Pipeline\\Pipeline->Illuminate\\Pipeline\\{closure}()
#6 /home/fuzzy/Documenti/path/Laravel/routes/vendor/laravel/framework/src/Illuminate/Pipeline/Pipeline.php(183): Illuminate\\Routing\\Middleware\\SubstituteBindings->handle()
#7 /home/fuzzy/Documenti/path/Laravel/routes/vendor/laravel/framework/src/Illuminate/Pipeline/Pipeline.php(119): Illuminate\\Pipeline\\Pipeline->Illuminate\\Pipeline\\{closure}()
#8 /home/fuzzy/Documenti/path/Laravel/routes/vendor/laravel/framework/src/Illuminate/Routing/Router.php(807): Illuminate\\Pipeline\\Pipeline->then()
#9 /home/fuzzy/Documenti/path/Laravel/routes/vendor/laravel/framework/src/Illuminate/Routing/Router.php(786): Illuminate\\Routing\\Router->runRouteWithinStack()
#10 /home/fuzzy/Documenti/path/Laravel/routes/vendor/laravel/framework/src/Illuminate/Routing/Router.php(750): Illuminate\\Routing\\Router->runRoute()
#11 /home/fuzzy/Documenti/path/Laravel/routes/vendor/laravel/framework/src/Illuminate/Routing/Router.php(739): Illuminate\\Routing\\Router->dispatchToRoute()
#12 /home/fuzzy/Documenti/path/Laravel/routes/vendor/laravel/framework/src/Illuminate/Foundation/Http/Kernel.php(201): Illuminate\\Routing\\Router->dispatch()
#13 /home/fuzzy/Documenti/path/Laravel/routes/vendor/laravel/framework/src/Illuminate/Pipeline/Pipeline.php(144): Illuminate\\Foundation\\Http\\Kernel->Illuminate\\Foundation\\Http\\{closure}()
#14 /home/fuzzy/Documenti/path/Laravel/routes/vendor/laravel/framework/src/Illuminate/Foundation/Http/Middleware/TransformsRequest.php(21): Illuminate\\Pipeline\\Pipeline->Illuminate\\Pipeline\\{closure}()
#15 /home/fuzzy/Documenti/path/Laravel/routes/vendor/laravel/framework/src/Illuminate/Foundation/Http/Middleware/ConvertEmptyStringsToNull.php(31): Illuminate\\Foundation\\Http\\Middleware\\TransformsRequest->handle()
#16 /home/fuzzy/Documenti/path/Laravel/routes/vendor/laravel/framework/src/Illuminate/Pipeline/Pipeline.php(183): Illuminate\\Foundation\\Http\\Middleware\\ConvertEmptyStringsToNull->handle()
#17 /home/fuzzy/Documenti/path/Laravel/routes/vendor/laravel/framework/src/Illuminate/Foundation/Http/Middleware/TransformsRequest.php(21): Illuminate\\Pipeline\\Pipeline->Illuminate\\Pipeline\\{closure}()
#18 /home/fuzzy/Documenti/path/Laravel/routes/vendor/laravel/framework/src/Illuminate/Foundation/Http/Middleware/TrimStrings.php(51): Illuminate\\Foundation\\Http\\Middleware\\TransformsRequest->handle()
#19 /home/fuzzy/Documenti/path/Laravel/routes/vendor/laravel/framework/src/Illuminate/Pipeline/Pipeline.php(183): Illuminate\\Foundation\\Http\\Middleware\\TrimStrings->handle()
#20 /home/fuzzy/Documenti/path/Laravel/routes/vendor/laravel/framework/src/Illuminate/Http/Middleware/ValidatePostSize.php(27): Illuminate\\Pipeline\\Pipeline->Illuminate\\Pipeline\\{closure}()
#21 /home/fuzzy/Documenti/path/Laravel/routes/vendor/laravel/framework/src/Illuminate/Pipeline/Pipeline.php(183): Illuminate\\Http\\Middleware\\ValidatePostSize->handle()
#22 /home/fuzzy/Documenti/path/Laravel/routes/vendor/laravel/framework/src/Illuminate/Foundation/Http/Middleware/PreventRequestsDuringMaintenance.php(110): Illuminate\\Pipeline\\Pipeline->Illuminate\\Pipeline\\{closure}()
#23 /home/fuzzy/Documenti/path/Laravel/routes/vendor/laravel/framework/src/Illuminate/Pipeline/Pipeline.php(183): Illuminate\\Foundation\\Http\\Middleware\\PreventRequestsDuringMaintenance->handle()
#24 /home/fuzzy/Documenti/path/Laravel/routes/vendor/laravel/framework/src/Illuminate/Http/Middleware/HandleCors.php(49): Illuminate\\Pipeline\\Pipeline->Illuminate\\Pipeline\\{closure}()
#25 /home/fuzzy/Documenti/path/Laravel/routes/vendor/laravel/framework/src/Illuminate/Pipeline/Pipeline.php(183): Illuminate\\Http\\Middleware\\HandleCors->handle()
#26 /home/fuzzy/Documenti/path/Laravel/routes/vendor/laravel/framework/src/Illuminate/Http/Middleware/TrustProxies.php(58): Illuminate\\Pipeline\\Pipeline->Illuminate\\Pipeline\\{closure}()
#27 /home/fuzzy/Documenti/path/Laravel/routes/vendor/laravel/framework/src/Illuminate/Pipeline/Pipeline.php(183): Illuminate\\Http\\Middleware\\TrustProxies->handle()
#28 /home/fuzzy/Documenti/path/Laravel/routes/vendor/laravel/framework/src/Illuminate/Foundation/Http/Middleware/InvokeDeferredCallbacks.php(22): Illuminate\\Pipeline\\Pipeline->Illuminate\\Pipeline\\{closure}()
#29 /home/fuzzy/Documenti/path/Laravel/routes/vendor/laravel/framework/src/Illuminate/Pipeline/Pipeline.php(183): Illuminate\\Foundation\\Http\\Middleware\\InvokeDeferredCallbacks->handle()
#30 /home/fuzzy/Documenti/path/Laravel/routes/vendor/laravel/framework/src/Illuminate/Pipeline/Pipeline.php(119): Illuminate\\Pipeline\\Pipeline->Illuminate\\Pipeline\\{closure}()
#31 /home/fuzzy/Documenti/path/Laravel/routes/vendor/laravel/framework/src/Illuminate/Foundation/Http/Kernel.php(176): Illuminate\\Pipeline\\Pipeline->then()
#32 /home/fuzzy/Documenti/path/Laravel/routes/vendor/laravel/framework/src/Illuminate/Foundation/Http/Kernel.php(145): Illuminate\\Foundation\\Http\\Kernel->sendRequestThroughRouter()
#33 /home/fuzzy/Documenti/path/Laravel/routes/vendor/laravel/framework/src/Illuminate/Foundation/Application.php(1175): Illuminate\\Foundation\\Http\\Kernel->handle()
#34 /home/fuzzy/Documenti/path/Laravel/fzpkg/src/Console/Commands/RunSweetApiCommand.php(137): Illuminate\\Foundation\\Application->handle()
#35 [internal function]: Fuzzy\\Fzpkg\\Console\\Commands\\RunSweetApiCommand->Fuzzy\\Fzpkg\\Console\\Commands\\{closure}()
#36 {main}
"} 
[2024-09-29 21:09:29] local.INFO: [Test][2024-09-29 23:09:29][OPTIONS] /test/pippo/sweet/get ["fz:run:sweetapi { apiName : SweetApi Folder (case sensitive) } { --host=127.0.0.1 : Host address } { --port=8080 : Port number } { --logTz=Europe/Rome : Log timezone } { --disableSwagger : Disable Swagger docs } { --httpCompressionLevel=1 : Default compression level [1-9] } { --workerNum=4 : OpenSwoole worker number } { --taskWorkerNum=4 : OpenSwoole task worker number } { --backlog=128 : OpenSwoole TCP backlog connection number } { --disableCors : Disable CORS }","text"] 
[2024-09-29 21:09:29] local.INFO: [Test][2024-09-29 23:09:29][GET] /test/pippo/sweet/get ["fz:run:sweetapi { apiName : SweetApi Folder (case sensitive) } { --host=127.0.0.1 : Host address } { --port=8080 : Port number } { --logTz=Europe/Rome : Log timezone } { --disableSwagger : Disable Swagger docs } { --httpCompressionLevel=1 : Default compression level [1-9] } { --workerNum=4 : OpenSwoole worker number } { --taskWorkerNum=4 : OpenSwoole task worker number } { --backlog=128 : OpenSwoole TCP backlog connection number } { --disableCors : Disable CORS }","text"] 
[2024-09-29 21:09:29] local.ERROR: App\Http\SweetApi\Test\PippoEndpoints::sweet_get(): Return value must be of type Fuzzy\Fzpkg\Classes\SweetApi\Classes\HtmxResponse, Illuminate\View\View returned {"exception":"[object] (TypeError(code: 0): App\\Http\\SweetApi\\Test\\PippoEndpoints::sweet_get(): Return value must be of type Fuzzy\\Fzpkg\\Classes\\SweetApi\\Classes\\HtmxResponse, Illuminate\\View\\View returned at /home/fuzzy/Documenti/path/Laravel/routes/app/Http/SweetApi/Test/PippoEndpoints.php:28)
[stacktrace]
#0 /home/fuzzy/Documenti/path/Laravel/routes/vendor/laravel/framework/src/Illuminate/Routing/ControllerDispatcher.php(46): App\\Http\\SweetApi\\Test\\PippoEndpoints->sweet_get()
#1 /home/fuzzy/Documenti/path/Laravel/routes/vendor/laravel/framework/src/Illuminate/Routing/Route.php(262): Illuminate\\Routing\\ControllerDispatcher->dispatch()
#2 /home/fuzzy/Documenti/path/Laravel/routes/vendor/laravel/framework/src/Illuminate/Routing/Route.php(208): Illuminate\\Routing\\Route->runController()
#3 /home/fuzzy/Documenti/path/Laravel/routes/vendor/laravel/framework/src/Illuminate/Routing/Router.php(808): Illuminate\\Routing\\Route->run()
#4 /home/fuzzy/Documenti/path/Laravel/routes/vendor/laravel/framework/src/Illuminate/Pipeline/Pipeline.php(144): Illuminate\\Routing\\Router->Illuminate\\Routing\\{closure}()
#5 /home/fuzzy/Documenti/path/Laravel/routes/vendor/laravel/framework/src/Illuminate/Routing/Middleware/SubstituteBindings.php(51): Illuminate\\Pipeline\\Pipeline->Illuminate\\Pipeline\\{closure}()
#6 /home/fuzzy/Documenti/path/Laravel/routes/vendor/laravel/framework/src/Illuminate/Pipeline/Pipeline.php(183): Illuminate\\Routing\\Middleware\\SubstituteBindings->handle()
#7 /home/fuzzy/Documenti/path/Laravel/routes/vendor/laravel/framework/src/Illuminate/Pipeline/Pipeline.php(119): Illuminate\\Pipeline\\Pipeline->Illuminate\\Pipeline\\{closure}()
#8 /home/fuzzy/Documenti/path/Laravel/routes/vendor/laravel/framework/src/Illuminate/Routing/Router.php(807): Illuminate\\Pipeline\\Pipeline->then()
#9 /home/fuzzy/Documenti/path/Laravel/routes/vendor/laravel/framework/src/Illuminate/Routing/Router.php(786): Illuminate\\Routing\\Router->runRouteWithinStack()
#10 /home/fuzzy/Documenti/path/Laravel/routes/vendor/laravel/framework/src/Illuminate/Routing/Router.php(750): Illuminate\\Routing\\Router->runRoute()
#11 /home/fuzzy/Documenti/path/Laravel/routes/vendor/laravel/framework/src/Illuminate/Routing/Router.php(739): Illuminate\\Routing\\Router->dispatchToRoute()
#12 /home/fuzzy/Documenti/path/Laravel/routes/vendor/laravel/framework/src/Illuminate/Foundation/Http/Kernel.php(201): Illuminate\\Routing\\Router->dispatch()
#13 /home/fuzzy/Documenti/path/Laravel/routes/vendor/laravel/framework/src/Illuminate/Pipeline/Pipeline.php(144): Illuminate\\Foundation\\Http\\Kernel->Illuminate\\Foundation\\Http\\{closure}()
#14 /home/fuzzy/Documenti/path/Laravel/routes/vendor/laravel/framework/src/Illuminate/Foundation/Http/Middleware/TransformsRequest.php(21): Illuminate\\Pipeline\\Pipeline->Illuminate\\Pipeline\\{closure}()
#15 /home/fuzzy/Documenti/path/Laravel/routes/vendor/laravel/framework/src/Illuminate/Foundation/Http/Middleware/ConvertEmptyStringsToNull.php(31): Illuminate\\Foundation\\Http\\Middleware\\TransformsRequest->handle()
#16 /home/fuzzy/Documenti/path/Laravel/routes/vendor/laravel/framework/src/Illuminate/Pipeline/Pipeline.php(183): Illuminate\\Foundation\\Http\\Middleware\\ConvertEmptyStringsToNull->handle()
#17 /home/fuzzy/Documenti/path/Laravel/routes/vendor/laravel/framework/src/Illuminate/Foundation/Http/Middleware/TransformsRequest.php(21): Illuminate\\Pipeline\\Pipeline->Illuminate\\Pipeline\\{closure}()
#18 /home/fuzzy/Documenti/path/Laravel/routes/vendor/laravel/framework/src/Illuminate/Foundation/Http/Middleware/TrimStrings.php(51): Illuminate\\Foundation\\Http\\Middleware\\TransformsRequest->handle()
#19 /home/fuzzy/Documenti/path/Laravel/routes/vendor/laravel/framework/src/Illuminate/Pipeline/Pipeline.php(183): Illuminate\\Foundation\\Http\\Middleware\\TrimStrings->handle()
#20 /home/fuzzy/Documenti/path/Laravel/routes/vendor/laravel/framework/src/Illuminate/Http/Middleware/ValidatePostSize.php(27): Illuminate\\Pipeline\\Pipeline->Illuminate\\Pipeline\\{closure}()
#21 /home/fuzzy/Documenti/path/Laravel/routes/vendor/laravel/framework/src/Illuminate/Pipeline/Pipeline.php(183): Illuminate\\Http\\Middleware\\ValidatePostSize->handle()
#22 /home/fuzzy/Documenti/path/Laravel/routes/vendor/laravel/framework/src/Illuminate/Foundation/Http/Middleware/PreventRequestsDuringMaintenance.php(110): Illuminate\\Pipeline\\Pipeline->Illuminate\\Pipeline\\{closure}()
#23 /home/fuzzy/Documenti/path/Laravel/routes/vendor/laravel/framework/src/Illuminate/Pipeline/Pipeline.php(183): Illuminate\\Foundation\\Http\\Middleware\\PreventRequestsDuringMaintenance->handle()
#24 /home/fuzzy/Documenti/path/Laravel/routes/vendor/laravel/framework/src/Illuminate/Http/Middleware/HandleCors.php(49): Illuminate\\Pipeline\\Pipeline->Illuminate\\Pipeline\\{closure}()
#25 /home/fuzzy/Documenti/path/Laravel/routes/vendor/laravel/framework/src/Illuminate/Pipeline/Pipeline.php(183): Illuminate\\Http\\Middleware\\HandleCors->handle()
#26 /home/fuzzy/Documenti/path/Laravel/routes/vendor/laravel/framework/src/Illuminate/Http/Middleware/TrustProxies.php(58): Illuminate\\Pipeline\\Pipeline->Illuminate\\Pipeline\\{closure}()
#27 /home/fuzzy/Documenti/path/Laravel/routes/vendor/laravel/framework/src/Illuminate/Pipeline/Pipeline.php(183): Illuminate\\Http\\Middleware\\TrustProxies->handle()
#28 /home/fuzzy/Documenti/path/Laravel/routes/vendor/laravel/framework/src/Illuminate/Foundation/Http/Middleware/InvokeDeferredCallbacks.php(22): Illuminate\\Pipeline\\Pipeline->Illuminate\\Pipeline\\{closure}()
#29 /home/fuzzy/Documenti/path/Laravel/routes/vendor/laravel/framework/src/Illuminate/Pipeline/Pipeline.php(183): Illuminate\\Foundation\\Http\\Middleware\\InvokeDeferredCallbacks->handle()
#30 /home/fuzzy/Documenti/path/Laravel/routes/vendor/laravel/framework/src/Illuminate/Pipeline/Pipeline.php(119): Illuminate\\Pipeline\\Pipeline->Illuminate\\Pipeline\\{closure}()
#31 /home/fuzzy/Documenti/path/Laravel/routes/vendor/laravel/framework/src/Illuminate/Foundation/Http/Kernel.php(176): Illuminate\\Pipeline\\Pipeline->then()
#32 /home/fuzzy/Documenti/path/Laravel/routes/vendor/laravel/framework/src/Illuminate/Foundation/Http/Kernel.php(145): Illuminate\\Foundation\\Http\\Kernel->sendRequestThroughRouter()
#33 /home/fuzzy/Documenti/path/Laravel/routes/vendor/laravel/framework/src/Illuminate/Foundation/Application.php(1175): Illuminate\\Foundation\\Http\\Kernel->handle()
#34 /home/fuzzy/Documenti/path/Laravel/fzpkg/src/Console/Commands/RunSweetApiCommand.php(137): Illuminate\\Foundation\\Application->handle()
#35 [internal function]: Fuzzy\\Fzpkg\\Console\\Commands\\RunSweetApiCommand->Fuzzy\\Fzpkg\\Console\\Commands\\{closure}()
#36 {main}
"} 
[2024-09-29 21:09:52] local.ERROR: App\Http\SweetApi\Test\PippoEndpoints::sweet_get(): Return value must be of type Fuzzy\Fzpkg\Classes\SweetApi\Classes\HtmxResponse, Illuminate\View\View returned {"exception":"[object] (TypeError(code: 0): App\\Http\\SweetApi\\Test\\PippoEndpoints::sweet_get(): Return value must be of type Fuzzy\\Fzpkg\\Classes\\SweetApi\\Classes\\HtmxResponse, Illuminate\\View\\View returned at /home/fuzzy/Documenti/path/Laravel/routes/app/Http/SweetApi/Test/PippoEndpoints.php:28)
[stacktrace]
#0 /home/fuzzy/Documenti/path/Laravel/routes/vendor/laravel/framework/src/Illuminate/Routing/ControllerDispatcher.php(46): App\\Http\\SweetApi\\Test\\PippoEndpoints->sweet_get()
#1 /home/fuzzy/Documenti/path/Laravel/routes/vendor/laravel/framework/src/Illuminate/Routing/Route.php(262): Illuminate\\Routing\\ControllerDispatcher->dispatch()
#2 /home/fuzzy/Documenti/path/Laravel/routes/vendor/laravel/framework/src/Illuminate/Routing/Route.php(208): Illuminate\\Routing\\Route->runController()
#3 /home/fuzzy/Documenti/path/Laravel/routes/vendor/laravel/framework/src/Illuminate/Routing/Router.php(808): Illuminate\\Routing\\Route->run()
#4 /home/fuzzy/Documenti/path/Laravel/routes/vendor/laravel/framework/src/Illuminate/Pipeline/Pipeline.php(144): Illuminate\\Routing\\Router->Illuminate\\Routing\\{closure}()
#5 /home/fuzzy/Documenti/path/Laravel/routes/vendor/laravel/framework/src/Illuminate/Routing/Middleware/SubstituteBindings.php(51): Illuminate\\Pipeline\\Pipeline->Illuminate\\Pipeline\\{closure}()
#6 /home/fuzzy/Documenti/path/Laravel/routes/vendor/laravel/framework/src/Illuminate/Pipeline/Pipeline.php(183): Illuminate\\Routing\\Middleware\\SubstituteBindings->handle()
#7 /home/fuzzy/Documenti/path/Laravel/routes/vendor/laravel/framework/src/Illuminate/Pipeline/Pipeline.php(119): Illuminate\\Pipeline\\Pipeline->Illuminate\\Pipeline\\{closure}()
#8 /home/fuzzy/Documenti/path/Laravel/routes/vendor/laravel/framework/src/Illuminate/Routing/Router.php(807): Illuminate\\Pipeline\\Pipeline->then()
#9 /home/fuzzy/Documenti/path/Laravel/routes/vendor/laravel/framework/src/Illuminate/Routing/Router.php(786): Illuminate\\Routing\\Router->runRouteWithinStack()
#10 /home/fuzzy/Documenti/path/Laravel/routes/vendor/laravel/framework/src/Illuminate/Routing/Router.php(750): Illuminate\\Routing\\Router->runRoute()
#11 /home/fuzzy/Documenti/path/Laravel/routes/vendor/laravel/framework/src/Illuminate/Routing/Router.php(739): Illuminate\\Routing\\Router->dispatchToRoute()
#12 /home/fuzzy/Documenti/path/Laravel/routes/vendor/laravel/framework/src/Illuminate/Foundation/Http/Kernel.php(201): Illuminate\\Routing\\Router->dispatch()
#13 /home/fuzzy/Documenti/path/Laravel/routes/vendor/laravel/framework/src/Illuminate/Pipeline/Pipeline.php(144): Illuminate\\Foundation\\Http\\Kernel->Illuminate\\Foundation\\Http\\{closure}()
#14 /home/fuzzy/Documenti/path/Laravel/routes/vendor/laravel/framework/src/Illuminate/Foundation/Http/Middleware/TransformsRequest.php(21): Illuminate\\Pipeline\\Pipeline->Illuminate\\Pipeline\\{closure}()
#15 /home/fuzzy/Documenti/path/Laravel/routes/vendor/laravel/framework/src/Illuminate/Foundation/Http/Middleware/ConvertEmptyStringsToNull.php(31): Illuminate\\Foundation\\Http\\Middleware\\TransformsRequest->handle()
#16 /home/fuzzy/Documenti/path/Laravel/routes/vendor/laravel/framework/src/Illuminate/Pipeline/Pipeline.php(183): Illuminate\\Foundation\\Http\\Middleware\\ConvertEmptyStringsToNull->handle()
#17 /home/fuzzy/Documenti/path/Laravel/routes/vendor/laravel/framework/src/Illuminate/Foundation/Http/Middleware/TransformsRequest.php(21): Illuminate\\Pipeline\\Pipeline->Illuminate\\Pipeline\\{closure}()
#18 /home/fuzzy/Documenti/path/Laravel/routes/vendor/laravel/framework/src/Illuminate/Foundation/Http/Middleware/TrimStrings.php(51): Illuminate\\Foundation\\Http\\Middleware\\TransformsRequest->handle()
#19 /home/fuzzy/Documenti/path/Laravel/routes/vendor/laravel/framework/src/Illuminate/Pipeline/Pipeline.php(183): Illuminate\\Foundation\\Http\\Middleware\\TrimStrings->handle()
#20 /home/fuzzy/Documenti/path/Laravel/routes/vendor/laravel/framework/src/Illuminate/Http/Middleware/ValidatePostSize.php(27): Illuminate\\Pipeline\\Pipeline->Illuminate\\Pipeline\\{closure}()
#21 /home/fuzzy/Documenti/path/Laravel/routes/vendor/laravel/framework/src/Illuminate/Pipeline/Pipeline.php(183): Illuminate\\Http\\Middleware\\ValidatePostSize->handle()
#22 /home/fuzzy/Documenti/path/Laravel/routes/vendor/laravel/framework/src/Illuminate/Foundation/Http/Middleware/PreventRequestsDuringMaintenance.php(110): Illuminate\\Pipeline\\Pipeline->Illuminate\\Pipeline\\{closure}()
#23 /home/fuzzy/Documenti/path/Laravel/routes/vendor/laravel/framework/src/Illuminate/Pipeline/Pipeline.php(183): Illuminate\\Foundation\\Http\\Middleware\\PreventRequestsDuringMaintenance->handle()
#24 /home/fuzzy/Documenti/path/Laravel/routes/vendor/laravel/framework/src/Illuminate/Http/Middleware/HandleCors.php(49): Illuminate\\Pipeline\\Pipeline->Illuminate\\Pipeline\\{closure}()
#25 /home/fuzzy/Documenti/path/Laravel/routes/vendor/laravel/framework/src/Illuminate/Pipeline/Pipeline.php(183): Illuminate\\Http\\Middleware\\HandleCors->handle()
#26 /home/fuzzy/Documenti/path/Laravel/routes/vendor/laravel/framework/src/Illuminate/Http/Middleware/TrustProxies.php(58): Illuminate\\Pipeline\\Pipeline->Illuminate\\Pipeline\\{closure}()
#27 /home/fuzzy/Documenti/path/Laravel/routes/vendor/laravel/framework/src/Illuminate/Pipeline/Pipeline.php(183): Illuminate\\Http\\Middleware\\TrustProxies->handle()
#28 /home/fuzzy/Documenti/path/Laravel/routes/vendor/laravel/framework/src/Illuminate/Foundation/Http/Middleware/InvokeDeferredCallbacks.php(22): Illuminate\\Pipeline\\Pipeline->Illuminate\\Pipeline\\{closure}()
#29 /home/fuzzy/Documenti/path/Laravel/routes/vendor/laravel/framework/src/Illuminate/Pipeline/Pipeline.php(183): Illuminate\\Foundation\\Http\\Middleware\\InvokeDeferredCallbacks->handle()
#30 /home/fuzzy/Documenti/path/Laravel/routes/vendor/laravel/framework/src/Illuminate/Pipeline/Pipeline.php(119): Illuminate\\Pipeline\\Pipeline->Illuminate\\Pipeline\\{closure}()
#31 /home/fuzzy/Documenti/path/Laravel/routes/vendor/laravel/framework/src/Illuminate/Foundation/Http/Kernel.php(176): Illuminate\\Pipeline\\Pipeline->then()
#32 /home/fuzzy/Documenti/path/Laravel/routes/vendor/laravel/framework/src/Illuminate/Foundation/Http/Kernel.php(145): Illuminate\\Foundation\\Http\\Kernel->sendRequestThroughRouter()
#33 /home/fuzzy/Documenti/path/Laravel/routes/vendor/laravel/framework/src/Illuminate/Foundation/Application.php(1175): Illuminate\\Foundation\\Http\\Kernel->handle()
#34 /home/fuzzy/Documenti/path/Laravel/fzpkg/src/Console/Commands/RunSweetApiCommand.php(157): Illuminate\\Foundation\\Application->handle()
#35 [internal function]: Fuzzy\\Fzpkg\\Console\\Commands\\RunSweetApiCommand->Fuzzy\\Fzpkg\\Console\\Commands\\{closure}()
#36 {main}
"} 
[2024-09-29 21:23:20] local.INFO: [Test][2024-09-29 23:23:20][GET] /test/pippo/sweet/get ["fz:run:sweetapi { apiName : SweetApi Folder (case sensitive) } { --host=127.0.0.1 : Host address } { --port=8080 : Port number } { --logTz=Europe/Rome : Log timezone } { --disableSwagger : Disable Swagger docs } { --httpCompressionLevel=1 : Default compression level [1-9] } { --workerNum=4 : OpenSwoole worker number } { --taskWorkerNum=4 : OpenSwoole task worker number } { --backlog=128 : OpenSwoole TCP backlog connection number } { --disableCors : Disable CORS }","text"] 
[2024-09-29 21:23:20] local.ERROR: App\Http\SweetApi\Test\PippoEndpoints::sweet_get(): Return value must be of type Fuzzy\Fzpkg\Classes\SweetApi\Classes\HtmxResponse, Illuminate\View\View returned {"exception":"[object] (TypeError(code: 0): App\\Http\\SweetApi\\Test\\PippoEndpoints::sweet_get(): Return value must be of type Fuzzy\\Fzpkg\\Classes\\SweetApi\\Classes\\HtmxResponse, Illuminate\\View\\View returned at /home/fuzzy/Documenti/path/Laravel/routes/app/Http/SweetApi/Test/PippoEndpoints.php:28)
[stacktrace]
#0 /home/fuzzy/Documenti/path/Laravel/routes/vendor/laravel/framework/src/Illuminate/Routing/ControllerDispatcher.php(46): App\\Http\\SweetApi\\Test\\PippoEndpoints->sweet_get()
#1 /home/fuzzy/Documenti/path/Laravel/routes/vendor/laravel/framework/src/Illuminate/Routing/Route.php(262): Illuminate\\Routing\\ControllerDispatcher->dispatch()
#2 /home/fuzzy/Documenti/path/Laravel/routes/vendor/laravel/framework/src/Illuminate/Routing/Route.php(208): Illuminate\\Routing\\Route->runController()
#3 /home/fuzzy/Documenti/path/Laravel/routes/vendor/laravel/framework/src/Illuminate/Routing/Router.php(808): Illuminate\\Routing\\Route->run()
#4 /home/fuzzy/Documenti/path/Laravel/routes/vendor/laravel/framework/src/Illuminate/Pipeline/Pipeline.php(144): Illuminate\\Routing\\Router->Illuminate\\Routing\\{closure}()
#5 /home/fuzzy/Documenti/path/Laravel/routes/vendor/laravel/framework/src/Illuminate/Routing/Middleware/SubstituteBindings.php(51): Illuminate\\Pipeline\\Pipeline->Illuminate\\Pipeline\\{closure}()
#6 /home/fuzzy/Documenti/path/Laravel/routes/vendor/laravel/framework/src/Illuminate/Pipeline/Pipeline.php(183): Illuminate\\Routing\\Middleware\\SubstituteBindings->handle()
#7 /home/fuzzy/Documenti/path/Laravel/routes/vendor/laravel/framework/src/Illuminate/Pipeline/Pipeline.php(119): Illuminate\\Pipeline\\Pipeline->Illuminate\\Pipeline\\{closure}()
#8 /home/fuzzy/Documenti/path/Laravel/routes/vendor/laravel/framework/src/Illuminate/Routing/Router.php(807): Illuminate\\Pipeline\\Pipeline->then()
#9 /home/fuzzy/Documenti/path/Laravel/routes/vendor/laravel/framework/src/Illuminate/Routing/Router.php(786): Illuminate\\Routing\\Router->runRouteWithinStack()
#10 /home/fuzzy/Documenti/path/Laravel/routes/vendor/laravel/framework/src/Illuminate/Routing/Router.php(750): Illuminate\\Routing\\Router->runRoute()
#11 /home/fuzzy/Documenti/path/Laravel/routes/vendor/laravel/framework/src/Illuminate/Routing/Router.php(739): Illuminate\\Routing\\Router->dispatchToRoute()
#12 /home/fuzzy/Documenti/path/Laravel/routes/vendor/laravel/framework/src/Illuminate/Foundation/Http/Kernel.php(201): Illuminate\\Routing\\Router->dispatch()
#13 /home/fuzzy/Documenti/path/Laravel/routes/vendor/laravel/framework/src/Illuminate/Pipeline/Pipeline.php(144): Illuminate\\Foundation\\Http\\Kernel->Illuminate\\Foundation\\Http\\{closure}()
#14 /home/fuzzy/Documenti/path/Laravel/routes/vendor/laravel/framework/src/Illuminate/Foundation/Http/Middleware/TransformsRequest.php(21): Illuminate\\Pipeline\\Pipeline->Illuminate\\Pipeline\\{closure}()
#15 /home/fuzzy/Documenti/path/Laravel/routes/vendor/laravel/framework/src/Illuminate/Foundation/Http/Middleware/ConvertEmptyStringsToNull.php(31): Illuminate\\Foundation\\Http\\Middleware\\TransformsRequest->handle()
#16 /home/fuzzy/Documenti/path/Laravel/routes/vendor/laravel/framework/src/Illuminate/Pipeline/Pipeline.php(183): Illuminate\\Foundation\\Http\\Middleware\\ConvertEmptyStringsToNull->handle()
#17 /home/fuzzy/Documenti/path/Laravel/routes/vendor/laravel/framework/src/Illuminate/Foundation/Http/Middleware/TransformsRequest.php(21): Illuminate\\Pipeline\\Pipeline->Illuminate\\Pipeline\\{closure}()
#18 /home/fuzzy/Documenti/path/Laravel/routes/vendor/laravel/framework/src/Illuminate/Foundation/Http/Middleware/TrimStrings.php(51): Illuminate\\Foundation\\Http\\Middleware\\TransformsRequest->handle()
#19 /home/fuzzy/Documenti/path/Laravel/routes/vendor/laravel/framework/src/Illuminate/Pipeline/Pipeline.php(183): Illuminate\\Foundation\\Http\\Middleware\\TrimStrings->handle()
#20 /home/fuzzy/Documenti/path/Laravel/routes/vendor/laravel/framework/src/Illuminate/Http/Middleware/ValidatePostSize.php(27): Illuminate\\Pipeline\\Pipeline->Illuminate\\Pipeline\\{closure}()
#21 /home/fuzzy/Documenti/path/Laravel/routes/vendor/laravel/framework/src/Illuminate/Pipeline/Pipeline.php(183): Illuminate\\Http\\Middleware\\ValidatePostSize->handle()
#22 /home/fuzzy/Documenti/path/Laravel/routes/vendor/laravel/framework/src/Illuminate/Foundation/Http/Middleware/PreventRequestsDuringMaintenance.php(110): Illuminate\\Pipeline\\Pipeline->Illuminate\\Pipeline\\{closure}()
#23 /home/fuzzy/Documenti/path/Laravel/routes/vendor/laravel/framework/src/Illuminate/Pipeline/Pipeline.php(183): Illuminate\\Foundation\\Http\\Middleware\\PreventRequestsDuringMaintenance->handle()
#24 /home/fuzzy/Documenti/path/Laravel/routes/vendor/laravel/framework/src/Illuminate/Http/Middleware/HandleCors.php(62): Illuminate\\Pipeline\\Pipeline->Illuminate\\Pipeline\\{closure}()
#25 /home/fuzzy/Documenti/path/Laravel/routes/vendor/laravel/framework/src/Illuminate/Pipeline/Pipeline.php(183): Illuminate\\Http\\Middleware\\HandleCors->handle()
#26 /home/fuzzy/Documenti/path/Laravel/routes/vendor/laravel/framework/src/Illuminate/Http/Middleware/TrustProxies.php(58): Illuminate\\Pipeline\\Pipeline->Illuminate\\Pipeline\\{closure}()
#27 /home/fuzzy/Documenti/path/Laravel/routes/vendor/laravel/framework/src/Illuminate/Pipeline/Pipeline.php(183): Illuminate\\Http\\Middleware\\TrustProxies->handle()
#28 /home/fuzzy/Documenti/path/Laravel/routes/vendor/laravel/framework/src/Illuminate/Foundation/Http/Middleware/InvokeDeferredCallbacks.php(22): Illuminate\\Pipeline\\Pipeline->Illuminate\\Pipeline\\{closure}()
#29 /home/fuzzy/Documenti/path/Laravel/routes/vendor/laravel/framework/src/Illuminate/Pipeline/Pipeline.php(183): Illuminate\\Foundation\\Http\\Middleware\\InvokeDeferredCallbacks->handle()
#30 /home/fuzzy/Documenti/path/Laravel/routes/vendor/laravel/framework/src/Illuminate/Pipeline/Pipeline.php(119): Illuminate\\Pipeline\\Pipeline->Illuminate\\Pipeline\\{closure}()
#31 /home/fuzzy/Documenti/path/Laravel/routes/vendor/laravel/framework/src/Illuminate/Foundation/Http/Kernel.php(176): Illuminate\\Pipeline\\Pipeline->then()
#32 /home/fuzzy/Documenti/path/Laravel/routes/vendor/laravel/framework/src/Illuminate/Foundation/Http/Kernel.php(145): Illuminate\\Foundation\\Http\\Kernel->sendRequestThroughRouter()
#33 /home/fuzzy/Documenti/path/Laravel/routes/vendor/laravel/framework/src/Illuminate/Foundation/Application.php(1175): Illuminate\\Foundation\\Http\\Kernel->handle()
#34 /home/fuzzy/Documenti/path/Laravel/fzpkg/src/Console/Commands/RunSweetApiCommand.php(160): Illuminate\\Foundation\\Application->handle()
#35 [internal function]: Fuzzy\\Fzpkg\\Console\\Commands\\RunSweetApiCommand->Fuzzy\\Fzpkg\\Console\\Commands\\{closure}()
#36 {main}
"} 
